<?xml version="1.0" encoding="UTF-8"?>
<testsuite xmlns:xsi="http://www.w3.org/2001/XMLSchema-instance" xsi:noNamespaceSchemaLocation="https://maven.apache.org/surefire/maven-surefire-plugin/xsd/surefire-test-report-3.0.xsd" version="3.0" name="KjoleskapTest" time="0.075" tests="5" errors="0" skipped="0" failures="0">
  <properties>
[...]
</properties>
  <testcase name="testFjernMatvare" classname="KjoleskapTest" time="0.038"/>
  <testcase name="testLeggTilOgFinnMatvare" classname="KjoleskapTest" time="0.001"/>
  <testcase name="testReduserMengde" classname="KjoleskapTest" time="0.002"/>
  <testcase name="testBeregnVerdi" classname="KjoleskapTest" time="0.0"/>
  <testcase name="testSkrivUtUtdaterte" classname="KjoleskapTest" time="0.008">
    <system-out><![CDATA[Utdaterte varer:
Melk, 1.5 L, utlÃ¸psdato: 10.12.2023, pris: 30.0 kr
Melk, 1.5 L, utlÃ¸psdato: 10.12.2024, pris: 30.0 kr
Samlet verdi av utdaterte varer: 60.0 kr
]]></system-out>
  </testcase>
</testsuite>